::1 - - [07/Feb/2020:07:29:06 +0000] "GET / HTTP/1.1" 304 - "-" "Mozilla/5.0 (Windows NT 10.0; Win64; x64) AppleWebKit/537.36 (KHTML, like Gecko) Chrome/79.0.3945.117 Safari/537.36"
::1 - - [07/Feb/2020:07:29:10 +0000] "GET /test HTTP/1.1" 304 - "-" "Mozilla/5.0 (Windows NT 10.0; Win64; x64) AppleWebKit/537.36 (KHTML, like Gecko) Chrome/79.0.3945.117 Safari/537.36"
::1 - - [07/Feb/2020:07:36:09 +0000] "GET / HTTP/1.1" 304 - "-" "Mozilla/5.0 (Windows NT 10.0; Win64; x64) AppleWebKit/537.36 (KHTML, like Gecko) Chrome/79.0.3945.117 Safari/537.36"
::1 - - [07/Feb/2020:07:36:14 +0000] "GET /test HTTP/1.1" 200 12 "-" "Mozilla/5.0 (Windows NT 10.0; Win64; x64) AppleWebKit/537.36 (KHTML, like Gecko) Chrome/79.0.3945.117 Safari/537.36"
::1 - - [07/Feb/2020:13:19:52 +0000] "GET / HTTP/1.1" 304 - "-" "Mozilla/5.0 (Windows NT 10.0; Win64; x64) AppleWebKit/537.36 (KHTML, like Gecko) Chrome/79.0.3945.117 Safari/537.36"
::1 - - [07/Feb/2020:13:20:19 +0000] "GET / HTTP/1.1" 304 - "-" "Mozilla/5.0 (Windows NT 10.0; Win64; x64) AppleWebKit/537.36 (KHTML, like Gecko) Chrome/79.0.3945.117 Safari/537.36"
::1 - - [07/Feb/2020:13:20:27 +0000] "GET / HTTP/1.1" 304 - "-" "Mozilla/5.0 (Windows NT 10.0; Win64; x64) AppleWebKit/537.36 (KHTML, like Gecko) Chrome/79.0.3945.117 Safari/537.36"
::1 - - [07/Feb/2020:13:22:48 +0000] "GET / HTTP/1.1" 200 13 "-" "PostmanRuntime/7.22.0"
::1 - - [07/Feb/2020:13:28:20 +0000] "POST /userRegistration HTTP/1.1" 500 1366 "-" "PostmanRuntime/7.22.0"
::1 - - [07/Feb/2020:13:28:59 +0000] "POST /userRegistration HTTP/1.1" 200 20 "-" "PostmanRuntime/7.22.0"
::1 - - [07/Feb/2020:13:30:42 +0000] "POST /userRegistration HTTP/1.1" 200 20 "-" "PostmanRuntime/7.22.0"
::1 - - [07/Feb/2020:15:15:36 +0000] "POST /userRegistration HTTP/1.1" 500 1135 "-" "PostmanRuntime/7.22.0"
::1 - - [07/Feb/2020:15:20:07 +0000] "POST /userRegistration HTTP/1.1" 200 20 "-" "PostmanRuntime/7.22.0"
::1 - - [10/Feb/2020:08:03:59 +0000] "POST /userRegistration HTTP/1.1" 200 20 "-" "PostmanRuntime/7.22.0"
::1 - - [10/Feb/2020:08:05:55 +0000] "POST /userRegistration HTTP/1.1" 200 20 "-" "PostmanRuntime/7.22.0"
::1 - - [10/Feb/2020:08:09:04 +0000] "POST /userRegistration HTTP/1.1" 200 20 "-" "PostmanRuntime/7.22.0"
::1 - - [10/Feb/2020:08:32:54 +0000] "POST /userRegistration HTTP/1.1" 200 20 "-" "PostmanRuntime/7.22.0"
::1 - - [10/Feb/2020:09:58:12 +0000] "GET /favicon.ico HTTP/1.1" 404 150 "http://localhost:3000/" "Mozilla/5.0 (Windows NT 10.0; Win64; x64) AppleWebKit/537.36 (KHTML, like Gecko) Chrome/79.0.3945.117 Safari/537.36"
::1 - - [10/Feb/2020:10:22:55 +0000] "GET / HTTP/1.1" 200 13 "-" "Mozilla/5.0 (Windows NT 10.0; Win64; x64) AppleWebKit/537.36 (KHTML, like Gecko) Chrome/79.0.3945.117 Safari/537.36"
::1 - - [10/Feb/2020:10:23:45 +0000] "GET /post HTTP/1.1" 404 143 "-" "Mozilla/5.0 (Windows NT 10.0; Win64; x64) AppleWebKit/537.36 (KHTML, like Gecko) Chrome/79.0.3945.117 Safari/537.36"
::1 - - [10/Feb/2020:10:27:03 +0000] "GET / HTTP/1.1" 200 13 "-" "Mozilla/5.0 (Windows NT 10.0; Win64; x64) AppleWebKit/537.36 (KHTML, like Gecko) Chrome/79.0.3945.117 Safari/537.36"
::1 - - [10/Feb/2020:11:13:13 +0000] "POST /userRegistration HTTP/1.1" 200 20 "-" "PostmanRuntime/7.22.0"
::1 - - [10/Feb/2020:12:47:13 +0000] "POST /userRegistration HTTP/1.1" 200 20 "-" "PostmanRuntime/7.22.0"
::1 - - [10/Feb/2020:12:49:01 +0000] "POST /userRegistration HTTP/1.1" 200 20 "-" "PostmanRuntime/7.22.0"
::1 - - [10/Feb/2020:14:02:28 +0000] "GET / HTTP/1.1" 200 13 "-" "PostmanRuntime/7.22.0"
::1 - - [10/Feb/2020:14:03:06 +0000] "POST /userRegistration HTTP/1.1" 200 20 "-" "PostmanRuntime/7.22.0"
::1 - - [10/Feb/2020:14:19:05 +0000] "GET / HTTP/1.1" 200 13 "-" "PostmanRuntime/7.22.0"
::1 - - [10/Feb/2020:14:19:21 +0000] "POST /userRegistration HTTP/1.1" 200 20 "-" "PostmanRuntime/7.22.0"
::1 - - [10/Feb/2020:14:19:55 +0000] "GET / HTTP/1.1" 200 13 "-" "PostmanRuntime/7.22.0"
::1 - - [10/Feb/2020:14:19:58 +0000] "POST /userRegistration HTTP/1.1" 200 20 "-" "PostmanRuntime/7.22.0"
::1 - - [10/Feb/2020:14:20:38 +0000] "GET / HTTP/1.1" 200 13 "-" "PostmanRuntime/7.22.0"
::1 - - [10/Feb/2020:14:20:43 +0000] "POST /userRegistration HTTP/1.1" 200 20 "-" "PostmanRuntime/7.22.0"
::1 - - [10/Feb/2020:14:31:27 +0000] "POST /userRegistration HTTP/1.1" 200 20 "-" "PostmanRuntime/7.22.0"
::1 - - [10/Feb/2020:14:42:08 +0000] "POST /userRegistration HTTP/1.1" 500 1141 "-" "PostmanRuntime/7.22.0"
::1 - - [11/Feb/2020:07:57:39 +0000] "POST /userRegistration HTTP/1.1" 201 2 "-" "PostmanRuntime/7.22.0"
::1 - - [11/Feb/2020:08:06:11 +0000] "POST /userRegistration HTTP/1.1" 400 1874 "-" "PostmanRuntime/7.22.0"
::1 - - [11/Feb/2020:08:18:34 +0000] "POST /userRegistration HTTP/1.1" 201 2 "-" "PostmanRuntime/7.22.0"
::1 - - [11/Feb/2020:08:19:38 +0000] "POST /userRegistration HTTP/1.1" 201 2 "-" "PostmanRuntime/7.22.0"
::1 - - [11/Feb/2020:08:22:09 +0000] "POST /userRegistration HTTP/1.1" 201 2 "-" "PostmanRuntime/7.22.0"
::1 - - [11/Feb/2020:08:32:25 +0000] "POST /userRegistration HTTP/1.1" 400 41 "-" "PostmanRuntime/7.22.0"
::1 - - [11/Feb/2020:08:33:26 +0000] "POST /userRegistration HTTP/1.1" 201 2 "-" "PostmanRuntime/7.22.0"
::1 - - [11/Feb/2020:12:15:45 +0000] "POST /userRegistration HTTP/1.1" 201 2 "-" "PostmanRuntime/7.22.0"
::1 - - [11/Feb/2020:12:21:54 +0000] "POST /userRegistration HTTP/1.1" 201 2 "-" "PostmanRuntime/7.22.0"
::1 - - [11/Feb/2020:12:30:13 +0000] "POST /userRegistration HTTP/1.1" 500 1151 "-" "PostmanRuntime/7.22.0"
::1 - - [11/Feb/2020:12:33:25 +0000] "POST /userRegistration HTTP/1.1" 400 194 "-" "PostmanRuntime/7.22.0"
::1 - - [11/Feb/2020:12:37:47 +0000] "POST /userRegistration HTTP/1.1" 400 194 "-" "PostmanRuntime/7.22.0"
::1 - - [11/Feb/2020:12:41:59 +0000] "POST /userRegistration HTTP/1.1" 201 2 "-" "PostmanRuntime/7.22.0"
::1 - - [11/Feb/2020:12:52:23 +0000] "POST /userRegistration HTTP/1.1" 400 141 "-" "PostmanRuntime/7.22.0"
::1 - - [11/Feb/2020:12:53:23 +0000] "POST /userRegistration HTTP/1.1" 400 141 "-" "PostmanRuntime/7.22.0"
::1 - - [11/Feb/2020:12:56:10 +0000] "POST /userRegistration HTTP/1.1" 400 141 "-" "PostmanRuntime/7.22.0"
::1 - - [11/Feb/2020:12:59:06 +0000] "POST /userRegistration HTTP/1.1" 201 2 "-" "PostmanRuntime/7.22.0"
::1 - - [11/Feb/2020:13:58:17 +0000] "POST /userRegistration HTTP/1.1" 201 2 "-" "PostmanRuntime/7.22.0"
::1 - - [11/Feb/2020:14:01:38 +0000] "POST /userRegistration HTTP/1.1" 201 2 "-" "PostmanRuntime/7.22.0"
::1 - - [11/Feb/2020:14:08:09 +0000] "POST /userRegistration HTTP/1.1" 500 1131 "-" "PostmanRuntime/7.22.0"
::1 - - [11/Feb/2020:14:09:22 +0000] "POST /userRegistration HTTP/1.1" 400 199 "-" "PostmanRuntime/7.22.0"
::1 - - [11/Feb/2020:14:10:23 +0000] "POST /userRegistration HTTP/1.1" 400 199 "-" "PostmanRuntime/7.22.0"
::1 - - [11/Feb/2020:14:28:29 +0000] "POST /userRegistration HTTP/1.1" 400 199 "-" "PostmanRuntime/7.22.0"
::1 - - [11/Feb/2020:14:32:21 +0000] "POST /userRegistration HTTP/1.1" 400 199 "-" "PostmanRuntime/7.22.0"
::1 - - [11/Feb/2020:14:32:46 +0000] "POST /userRegistration HTTP/1.1" 400 199 "-" "PostmanRuntime/7.22.0"
::1 - - [11/Feb/2020:14:34:54 +0000] "POST /userRegistration HTTP/1.1" 400 199 "-" "PostmanRuntime/7.22.0"
::1 - - [11/Feb/2020:14:37:10 +0000] "POST /userRegistration HTTP/1.1" 201 2 "-" "PostmanRuntime/7.22.0"
::1 - - [11/Feb/2020:14:51:29 +0000] "POST /userRegistration HTTP/1.1" 400 232 "-" "PostmanRuntime/7.22.0"
::1 - - [11/Feb/2020:14:53:50 +0000] "POST /userRegistration HTTP/1.1" 201 2 "-" "PostmanRuntime/7.22.0"
::1 - - [11/Feb/2020:15:03:41 +0000] "POST /userRegistration HTTP/1.1" 201 2 "-" "PostmanRuntime/7.22.0"
::1 - - [11/Feb/2020:15:10:10 +0000] "POST /userRegistration HTTP/1.1" 500 1139 "-" "PostmanRuntime/7.22.0"
::1 - - [11/Feb/2020:15:10:53 +0000] "POST /userRegistration HTTP/1.1" 500 1150 "-" "PostmanRuntime/7.22.0"
::1 - - [11/Feb/2020:15:15:03 +0000] "POST /userRegistration HTTP/1.1" 201 2 "-" "PostmanRuntime/7.22.0"
::1 - - [11/Feb/2020:15:17:04 +0000] "POST /userRegistration HTTP/1.1" 201 2 "-" "PostmanRuntime/7.22.0"
::1 - - [11/Feb/2020:15:39:06 +0000] "POST /userRegistration HTTP/1.1" 201 2 "-" "PostmanRuntime/7.22.0"
::1 - - [11/Feb/2020:15:39:57 +0000] "POST /userRegistration HTTP/1.1" 201 2 "-" "PostmanRuntime/7.22.0"
::1 - - [11/Feb/2020:15:41:16 +0000] "POST /userRegistration HTTP/1.1" 201 2 "-" "PostmanRuntime/7.22.0"
::1 - - [12/Feb/2020:07:45:00 +0000] "POST /userRegistration HTTP/1.1" 500 1139 "-" "PostmanRuntime/7.22.0"
::1 - - [12/Feb/2020:07:53:06 +0000] "POST /userRegistration HTTP/1.1" 201 2 "-" "PostmanRuntime/7.22.0"
::1 - - [12/Feb/2020:08:27:31 +0000] "POST /userRegistration HTTP/1.1" 500 1133 "-" "PostmanRuntime/7.22.0"
::1 - - [12/Feb/2020:08:28:47 +0000] "POST /userRegistration HTTP/1.1" 500 1135 "-" "PostmanRuntime/7.22.0"
::1 - - [12/Feb/2020:08:30:57 +0000] "POST /userRegistration HTTP/1.1" 201 2 "-" "PostmanRuntime/7.22.0"
::1 - - [12/Feb/2020:08:33:17 +0000] "POST /userRegistration HTTP/1.1" 201 1677 "-" "PostmanRuntime/7.22.0"
::1 - - [12/Feb/2020:08:33:46 +0000] "POST /userRegistration HTTP/1.1" 201 1677 "-" "PostmanRuntime/7.22.0"
::1 - - [12/Feb/2020:11:26:12 +0000] "POST /userRegistration HTTP/1.1" 201 1675 "-" "PostmanRuntime/7.22.0"
::1 - - [12/Feb/2020:11:26:27 +0000] "POST /userRegistration HTTP/1.1" 201 1675 "-" "PostmanRuntime/7.22.0"
::1 - - [12/Feb/2020:11:27:44 +0000] "POST /userRegistration HTTP/1.1" 201 1677 "-" "PostmanRuntime/7.22.0"
::1 - - [12/Feb/2020:11:28:02 +0000] "POST /userRegistration HTTP/1.1" 201 1677 "-" "PostmanRuntime/7.22.0"
::1 - - [12/Feb/2020:12:00:14 +0000] "POST /userRegistration HTTP/1.1" - - "-" "PostmanRuntime/7.22.0"
::1 - - [12/Feb/2020:12:00:58 +0000] "POST /userRegistration HTTP/1.1" 201 1677 "-" "PostmanRuntime/7.22.0"
