::1 - - [13/Feb/2020:08:03:07 +0000] "POST /userRe HTTP/1.1" 404 146 "-" "PostmanRuntime/7.22.0"
::1 - - [13/Feb/2020:08:03:46 +0000] "GET /favicon.ico HTTP/1.1" 404 150 "http://localhost:3000/" "Mozilla/5.0 (Windows NT 10.0; Win64; x64) AppleWebKit/537.36 (KHTML, like Gecko) Chrome/79.0.3945.117 Safari/537.36"
::1 - - [13/Feb/2020:08:03:51 +0000] "GET /foo HTTP/1.1" 404 142 "-" "Mozilla/5.0 (Windows NT 10.0; Win64; x64) AppleWebKit/537.36 (KHTML, like Gecko) Chrome/79.0.3945.117 Safari/537.36"
::1 - - [13/Feb/2020:08:05:22 +0000] "GET /foo HTTP/1.1" 404 142 "-" "Mozilla/5.0 (Windows NT 10.0; Win64; x64) AppleWebKit/537.36 (KHTML, like Gecko) Chrome/79.0.3945.117 Safari/537.36"
::1 - - [13/Feb/2020:08:12:18 +0000] "GET /fgd HTTP/1.1" 404 142 "-" "Mozilla/5.0 (Windows NT 10.0; Win64; x64) AppleWebKit/537.36 (KHTML, like Gecko) Chrome/79.0.3945.117 Safari/537.36"
::1 - - [13/Feb/2020:08:14:14 +0000] "GET /fgd HTTP/1.1" 404 142 "-" "Mozilla/5.0 (Windows NT 10.0; Win64; x64) AppleWebKit/537.36 (KHTML, like Gecko) Chrome/79.0.3945.117 Safari/537.36"
::1 - - [13/Feb/2020:08:18:17 +0000] "GET /fgd HTTP/1.1" 404 142 "-" "Mozilla/5.0 (Windows NT 10.0; Win64; x64) AppleWebKit/537.36 (KHTML, like Gecko) Chrome/79.0.3945.117 Safari/537.36"
::1 - - [13/Feb/2020:08:19:04 +0000] "GET /fgd HTTP/1.1" 404 142 "-" "Mozilla/5.0 (Windows NT 10.0; Win64; x64) AppleWebKit/537.36 (KHTML, like Gecko) Chrome/79.0.3945.117 Safari/537.36"
::1 - - [13/Feb/2020:08:20:47 +0000] "GET /fgd HTTP/1.1" 404 142 "-" "Mozilla/5.0 (Windows NT 10.0; Win64; x64) AppleWebKit/537.36 (KHTML, like Gecko) Chrome/79.0.3945.117 Safari/537.36"
::1 - - [13/Feb/2020:08:27:41 +0000] "GET /fgd HTTP/1.1" 404 142 "-" "Mozilla/5.0 (Windows NT 10.0; Win64; x64) AppleWebKit/537.36 (KHTML, like Gecko) Chrome/79.0.3945.117 Safari/537.36"
::1 - - [13/Feb/2020:08:27:59 +0000] "GET /fgdvsdsfds HTTP/1.1" 404 149 "-" "Mozilla/5.0 (Windows NT 10.0; Win64; x64) AppleWebKit/537.36 (KHTML, like Gecko) Chrome/79.0.3945.117 Safari/537.36"
::1 - - [13/Feb/2020:08:28:18 +0000] "GET /fgd HTTP/1.1" 404 142 "-" "PostmanRuntime/7.22.0"
::1 - - [13/Feb/2020:08:28:22 +0000] "GET /fgd HTTP/1.1" 404 142 "-" "PostmanRuntime/7.22.0"
::1 - - [13/Feb/2020:08:30:53 +0000] "GET /fgd HTTP/1.1" 404 142 "-" "PostmanRuntime/7.22.0"
::1 - - [13/Feb/2020:08:31:09 +0000] "GET /fgd HTTP/1.1" 404 142 "-" "PostmanRuntime/7.22.0"
::1 - - [13/Feb/2020:08:35:55 +0000] "GET /fgd HTTP/1.1" 404 142 "-" "PostmanRuntime/7.22.0"
::1 - - [13/Feb/2020:09:48:06 +0000] "GET /fgsfd HTTP/1.1" 404 144 "-" "Mozilla/5.0 (Windows NT 10.0; Win64; x64) AppleWebKit/537.36 (KHTML, like Gecko) Chrome/79.0.3945.117 Safari/537.36"
::1 - - [13/Feb/2020:09:48:46 +0000] "GET /fgsfd HTTP/1.1" 404 144 "-" "Mozilla/5.0 (Windows NT 10.0; Win64; x64) AppleWebKit/537.36 (KHTML, like Gecko) Chrome/79.0.3945.117 Safari/537.36"
::1 - - [13/Feb/2020:09:48:47 +0000] "GET /fgsfd HTTP/1.1" 404 144 "-" "Mozilla/5.0 (Windows NT 10.0; Win64; x64) AppleWebKit/537.36 (KHTML, like Gecko) Chrome/79.0.3945.117 Safari/537.36"
::1 - - [13/Feb/2020:09:49:40 +0000] "GET /fgd HTTP/1.1" 404 142 "-" "PostmanRuntime/7.22.0"
::1 - - [13/Feb/2020:09:53:18 +0000] "GET /fds HTTP/1.1" 404 142 "-" "PostmanRuntime/7.22.0"
::1 - - [13/Feb/2020:09:54:06 +0000] "GET /fds HTTP/1.1" 404 142 "-" "PostmanRuntime/7.22.0"
::1 - - [13/Feb/2020:09:54:10 +0000] "GET /fds HTTP/1.1" 404 142 "-" "PostmanRuntime/7.22.0"
::1 - - [13/Feb/2020:09:54:58 +0000] "GET /fdsf HTTP/1.1" 404 143 "-" "PostmanRuntime/7.22.0"
::1 - - [13/Feb/2020:09:55:14 +0000] "GET /fdsf HTTP/1.1" 404 143 "-" "PostmanRuntime/7.22.0"
::1 - - [13/Feb/2020:09:55:15 +0000] "GET /fdsf HTTP/1.1" 404 143 "-" "PostmanRuntime/7.22.0"
::1 - - [14/Feb/2020:11:55:30 +0000] "GET /fdsfds HTTP/1.1" 404 145 "-" "PostmanRuntime/7.22.0"
::1 - - [14/Feb/2020:11:56:30 +0000] "GET /fdsfds HTTP/1.1" 404 145 "-" "PostmanRuntime/7.22.0"
::1 - - [14/Feb/2020:12:02:04 +0000] "GET /fdsfds HTTP/1.1" 404 145 "-" "PostmanRuntime/7.22.0"
::1 - - [14/Feb/2020:12:02:21 +0000] "GET /gfdgf HTTP/1.1" 404 144 "-" "PostmanRuntime/7.22.0"
::1 - - [14/Feb/2020:12:03:12 +0000] "GET /gfdgf HTTP/1.1" 404 144 "-" "PostmanRuntime/7.22.0"
::1 - - [14/Feb/2020:12:09:11 +0000] "GET /gfdgf HTTP/1.1" 404 144 "-" "PostmanRuntime/7.22.0"
::1 - - [14/Feb/2020:13:23:07 +0000] "GET /fdsf HTTP/1.1" 404 143 "-" "PostmanRuntime/7.22.0"
::1 - - [14/Feb/2020:13:23:21 +0000] "GET /fdsf HTTP/1.1" 404 143 "-" "PostmanRuntime/7.22.0"
::1 - - [14/Feb/2020:13:24:14 +0000] "GET /fdsf HTTP/1.1" 404 143 "-" "PostmanRuntime/7.22.0"
::1 - - [14/Feb/2020:13:24:16 +0000] "GET /fdsf HTTP/1.1" 404 143 "-" "PostmanRuntime/7.22.0"
::1 - - [14/Feb/2020:13:25:55 +0000] "GET /fdsf HTTP/1.1" 500 - "-" "PostmanRuntime/7.22.0"
::1 - - [14/Feb/2020:13:26:59 +0000] "GET /fdsf HTTP/1.1" 404 143 "-" "PostmanRuntime/7.22.0"
::1 - - [14/Feb/2020:13:27:01 +0000] "GET /fdsf HTTP/1.1" 404 143 "-" "PostmanRuntime/7.22.0"
::1 - - [14/Feb/2020:13:29:45 +0000] "GET / HTTP/1.1" 404 139 "-" "PostmanRuntime/7.22.0"
::1 - - [14/Feb/2020:13:29:53 +0000] "GET /userRegistration HTTP/1.1" 404 155 "-" "PostmanRuntime/7.22.0"
::1 - - [14/Feb/2020:14:55:50 +0000] "GET /red HTTP/1.1" 404 142 "-" "PostmanRuntime/7.22.0"
::1 - - [14/Feb/2020:14:55:53 +0000] "GET /red HTTP/1.1" 404 142 "-" "PostmanRuntime/7.22.0"
::1 - - [14/Feb/2020:14:56:32 +0000] "GET /red HTTP/1.1" 404 142 "-" "PostmanRuntime/7.22.0"
::1 - - [14/Feb/2020:14:56:45 +0000] "GET /fds HTTP/1.1" 404 142 "-" "PostmanRuntime/7.22.0"
::1 - - [14/Feb/2020:14:57:45 +0000] "GET /gfdg HTTP/1.1" 404 25 "-" "PostmanRuntime/7.22.0"
::1 - - [14/Feb/2020:14:57:48 +0000] "GET /gfdg HTTP/1.1" 404 25 "-" "PostmanRuntime/7.22.0"
::1 - - [14/Feb/2020:14:58:22 +0000] "GET /gfdg HTTP/1.1" 404 25 "-" "PostmanRuntime/7.22.0"
::1 - - [14/Feb/2020:15:08:05 +0000] "GET /gfg HTTP/1.1" 500 65 "-" "PostmanRuntime/7.22.0"
::1 - - [14/Feb/2020:15:09:33 +0000] "GET /gfg HTTP/1.1" 200 46 "-" "PostmanRuntime/7.22.0"
