::1 - - [17/Feb/2020:13:18:49 +0000] "GET /api/v1/swagger-ui.css HTTP/1.1" 200 46 "http://localhost:3000/api/v1/docs" "Mozilla/5.0 (Windows NT 10.0; WOW64; rv:47.0) Gecko/20100101 Firefox/47.0"
::1 - - [17/Feb/2020:13:18:49 +0000] "GET /api/v1/swagger-ui-standalone-preset.js HTTP/1.1" 200 46 "http://localhost:3000/api/v1/docs" "Mozilla/5.0 (Windows NT 10.0; WOW64; rv:47.0) Gecko/20100101 Firefox/47.0"
::1 - - [17/Feb/2020:13:18:49 +0000] "GET /api/v1/swagger-ui-bundle.js HTTP/1.1" 200 46 "http://localhost:3000/api/v1/docs" "Mozilla/5.0 (Windows NT 10.0; WOW64; rv:47.0) Gecko/20100101 Firefox/47.0"
::1 - - [17/Feb/2020:13:18:49 +0000] "GET /api/v1/swagger-ui-init.js HTTP/1.1" 200 46 "http://localhost:3000/api/v1/docs" "Mozilla/5.0 (Windows NT 10.0; WOW64; rv:47.0) Gecko/20100101 Firefox/47.0"
::1 - - [17/Feb/2020:13:18:49 +0000] "GET /api/v1/favicon-32x32.png HTTP/1.1" 200 46 "-" "Mozilla/5.0 (Windows NT 10.0; WOW64; rv:47.0) Gecko/20100101 Firefox/47.0"
::1 - - [17/Feb/2020:13:18:49 +0000] "GET /api/v1/favicon-16x16.png HTTP/1.1" 200 46 "-" "Mozilla/5.0 (Windows NT 10.0; WOW64; rv:47.0) Gecko/20100101 Firefox/47.0"
::1 - - [17/Feb/2020:13:18:49 +0000] "GET /api/v1/favicon-32x32.png HTTP/1.1" 304 - "-" "Mozilla/5.0 (Windows NT 10.0; WOW64; rv:47.0) Gecko/20100101 Firefox/47.0"
::1 - - [17/Feb/2020:13:18:49 +0000] "GET /api/v1/favicon-16x16.png HTTP/1.1" 304 - "-" "Mozilla/5.0 (Windows NT 10.0; WOW64; rv:47.0) Gecko/20100101 Firefox/47.0"
::1 - - [17/Feb/2020:13:18:53 +0000] "GET /api/v1/swagger-ui.css HTTP/1.1" 304 - "http://localhost:3000/api/v1/docs" "Mozilla/5.0 (Windows NT 10.0; WOW64; rv:47.0) Gecko/20100101 Firefox/47.0"
::1 - - [17/Feb/2020:13:18:53 +0000] "GET /api/v1/swagger-ui-bundle.js HTTP/1.1" 304 - "http://localhost:3000/api/v1/docs" "Mozilla/5.0 (Windows NT 10.0; WOW64; rv:47.0) Gecko/20100101 Firefox/47.0"
::1 - - [17/Feb/2020:13:18:53 +0000] "GET /api/v1/swagger-ui-standalone-preset.js HTTP/1.1" 304 - "http://localhost:3000/api/v1/docs" "Mozilla/5.0 (Windows NT 10.0; WOW64; rv:47.0) Gecko/20100101 Firefox/47.0"
::1 - - [17/Feb/2020:13:18:53 +0000] "GET /api/v1/swagger-ui-init.js HTTP/1.1" 304 - "http://localhost:3000/api/v1/docs" "Mozilla/5.0 (Windows NT 10.0; WOW64; rv:47.0) Gecko/20100101 Firefox/47.0"
::1 - - [17/Feb/2020:13:18:55 +0000] "GET /api/v1/swagger-ui.css HTTP/1.1" 304 - "http://localhost:3000/api/v1/docs" "Mozilla/5.0 (Windows NT 10.0; WOW64; rv:47.0) Gecko/20100101 Firefox/47.0"
::1 - - [17/Feb/2020:13:18:55 +0000] "GET /api/v1/swagger-ui-bundle.js HTTP/1.1" 304 - "http://localhost:3000/api/v1/docs" "Mozilla/5.0 (Windows NT 10.0; WOW64; rv:47.0) Gecko/20100101 Firefox/47.0"
::1 - - [17/Feb/2020:13:18:55 +0000] "GET /api/v1/swagger-ui-standalone-preset.js HTTP/1.1" 304 - "http://localhost:3000/api/v1/docs" "Mozilla/5.0 (Windows NT 10.0; WOW64; rv:47.0) Gecko/20100101 Firefox/47.0"
::1 - - [17/Feb/2020:13:18:55 +0000] "GET /api/v1/swagger-ui-init.js HTTP/1.1" 304 - "http://localhost:3000/api/v1/docs" "Mozilla/5.0 (Windows NT 10.0; WOW64; rv:47.0) Gecko/20100101 Firefox/47.0"
::1 - - [17/Feb/2020:13:18:56 +0000] "GET /api/v1/swagger-ui.css HTTP/1.1" 304 - "http://localhost:3000/api/v1/docs" "Mozilla/5.0 (Windows NT 10.0; WOW64; rv:47.0) Gecko/20100101 Firefox/47.0"
::1 - - [17/Feb/2020:13:18:56 +0000] "GET /api/v1/swagger-ui-bundle.js HTTP/1.1" 304 - "http://localhost:3000/api/v1/docs" "Mozilla/5.0 (Windows NT 10.0; WOW64; rv:47.0) Gecko/20100101 Firefox/47.0"
::1 - - [17/Feb/2020:13:18:56 +0000] "GET /api/v1/swagger-ui-standalone-preset.js HTTP/1.1" 304 - "http://localhost:3000/api/v1/docs" "Mozilla/5.0 (Windows NT 10.0; WOW64; rv:47.0) Gecko/20100101 Firefox/47.0"
::1 - - [17/Feb/2020:13:18:56 +0000] "GET /api/v1/swagger-ui-init.js HTTP/1.1" 304 - "http://localhost:3000/api/v1/docs" "Mozilla/5.0 (Windows NT 10.0; WOW64; rv:47.0) Gecko/20100101 Firefox/47.0"
::1 - - [17/Feb/2020:13:19:05 +0000] "GET /api/v1/swagger-ui.css HTTP/1.1" 200 46 "http://localhost:3000/api/v1/docs" "Mozilla/5.0 (Windows NT 10.0; Win64; x64) AppleWebKit/537.36 (KHTML, like Gecko) Chrome/79.0.3945.117 Safari/537.36"
::1 - - [17/Feb/2020:13:19:05 +0000] "GET /api/v1/swagger-ui-bundle.js HTTP/1.1" 200 46 "http://localhost:3000/api/v1/docs" "Mozilla/5.0 (Windows NT 10.0; Win64; x64) AppleWebKit/537.36 (KHTML, like Gecko) Chrome/79.0.3945.117 Safari/537.36"
::1 - - [17/Feb/2020:13:19:05 +0000] "GET /api/v1/swagger-ui-standalone-preset.js HTTP/1.1" 200 46 "http://localhost:3000/api/v1/docs" "Mozilla/5.0 (Windows NT 10.0; Win64; x64) AppleWebKit/537.36 (KHTML, like Gecko) Chrome/79.0.3945.117 Safari/537.36"
::1 - - [17/Feb/2020:13:19:05 +0000] "GET /api/v1/swagger-ui-init.js HTTP/1.1" 200 46 "http://localhost:3000/api/v1/docs" "Mozilla/5.0 (Windows NT 10.0; Win64; x64) AppleWebKit/537.36 (KHTML, like Gecko) Chrome/79.0.3945.117 Safari/537.36"
::1 - - [17/Feb/2020:13:19:06 +0000] "GET /api/v1/favicon-32x32.png HTTP/1.1" 200 46 "http://localhost:3000/api/v1/docs" "Mozilla/5.0 (Windows NT 10.0; Win64; x64) AppleWebKit/537.36 (KHTML, like Gecko) Chrome/79.0.3945.117 Safari/537.36"
::1 - - [17/Feb/2020:13:19:06 +0000] "GET /api/v1/favicon-16x16.png HTTP/1.1" 200 46 "http://localhost:3000/api/v1/docs" "Mozilla/5.0 (Windows NT 10.0; Win64; x64) AppleWebKit/537.36 (KHTML, like Gecko) Chrome/79.0.3945.117 Safari/537.36"
::1 - - [17/Feb/2020:13:19:09 +0000] "GET /api/v1/swagger-ui.css HTTP/1.1" 304 - "http://localhost:3000/api/v1/docs" "Mozilla/5.0 (Windows NT 10.0; Win64; x64) AppleWebKit/537.36 (KHTML, like Gecko) Chrome/79.0.3945.117 Safari/537.36"
::1 - - [17/Feb/2020:13:19:48 +0000] "GET /api/v1/swagger-ui.css HTTP/1.1" 200 46 "http://localhost:3000/api/v1/docs" "Mozilla/5.0 (Windows NT 10.0; Win64; x64) AppleWebKit/537.36 (KHTML, like Gecko) Chrome/79.0.3945.117 Safari/537.36"
::1 - - [17/Feb/2020:13:19:48 +0000] "GET /api/v1/swagger-ui-bundle.js HTTP/1.1" 200 46 "http://localhost:3000/api/v1/docs" "Mozilla/5.0 (Windows NT 10.0; Win64; x64) AppleWebKit/537.36 (KHTML, like Gecko) Chrome/79.0.3945.117 Safari/537.36"
::1 - - [17/Feb/2020:13:19:48 +0000] "GET /api/v1/swagger-ui-standalone-preset.js HTTP/1.1" 200 46 "http://localhost:3000/api/v1/docs" "Mozilla/5.0 (Windows NT 10.0; Win64; x64) AppleWebKit/537.36 (KHTML, like Gecko) Chrome/79.0.3945.117 Safari/537.36"
::1 - - [17/Feb/2020:13:19:48 +0000] "GET /api/v1/swagger-ui-init.js HTTP/1.1" 200 46 "http://localhost:3000/api/v1/docs" "Mozilla/5.0 (Windows NT 10.0; Win64; x64) AppleWebKit/537.36 (KHTML, like Gecko) Chrome/79.0.3945.117 Safari/537.36"
::1 - - [17/Feb/2020:13:19:48 +0000] "GET /api/v1/favicon-32x32.png HTTP/1.1" 200 46 "http://localhost:3000/api/v1/docs" "Mozilla/5.0 (Windows NT 10.0; Win64; x64) AppleWebKit/537.36 (KHTML, like Gecko) Chrome/79.0.3945.117 Safari/537.36"
::1 - - [17/Feb/2020:13:19:48 +0000] "GET /api/v1/favicon-16x16.png HTTP/1.1" 200 46 "http://localhost:3000/api/v1/docs" "Mozilla/5.0 (Windows NT 10.0; Win64; x64) AppleWebKit/537.36 (KHTML, like Gecko) Chrome/79.0.3945.117 Safari/537.36"
::1 - - [17/Feb/2020:13:27:49 +0000] "GET /docs HTTP/1.1" 200 46 "-" "Mozilla/5.0 (Windows NT 10.0; Win64; x64) AppleWebKit/537.36 (KHTML, like Gecko) Chrome/79.0.3945.117 Safari/537.36"
::1 - - [17/Feb/2020:13:28:06 +0000] "GET /api/v1/swagger-ui.css HTTP/1.1" 200 46 "http://localhost:3000/api/v1/docs" "Mozilla/5.0 (Windows NT 10.0; Win64; x64) AppleWebKit/537.36 (KHTML, like Gecko) Chrome/79.0.3945.117 Safari/537.36"
::1 - - [17/Feb/2020:13:28:07 +0000] "GET /api/v1/swagger-ui-bundle.js HTTP/1.1" 200 46 "http://localhost:3000/api/v1/docs" "Mozilla/5.0 (Windows NT 10.0; Win64; x64) AppleWebKit/537.36 (KHTML, like Gecko) Chrome/79.0.3945.117 Safari/537.36"
::1 - - [17/Feb/2020:13:28:07 +0000] "GET /api/v1/swagger-ui-standalone-preset.js HTTP/1.1" 200 46 "http://localhost:3000/api/v1/docs" "Mozilla/5.0 (Windows NT 10.0; Win64; x64) AppleWebKit/537.36 (KHTML, like Gecko) Chrome/79.0.3945.117 Safari/537.36"
::1 - - [17/Feb/2020:13:28:07 +0000] "GET /api/v1/swagger-ui-init.js HTTP/1.1" 200 46 "http://localhost:3000/api/v1/docs" "Mozilla/5.0 (Windows NT 10.0; Win64; x64) AppleWebKit/537.36 (KHTML, like Gecko) Chrome/79.0.3945.117 Safari/537.36"
::1 - - [17/Feb/2020:13:28:07 +0000] "GET /api/v1/favicon-32x32.png HTTP/1.1" 200 46 "http://localhost:3000/api/v1/docs" "Mozilla/5.0 (Windows NT 10.0; Win64; x64) AppleWebKit/537.36 (KHTML, like Gecko) Chrome/79.0.3945.117 Safari/537.36"
::1 - - [17/Feb/2020:13:28:07 +0000] "GET /api/v1/favicon-16x16.png HTTP/1.1" 200 46 "http://localhost:3000/api/v1/docs" "Mozilla/5.0 (Windows NT 10.0; Win64; x64) AppleWebKit/537.36 (KHTML, like Gecko) Chrome/79.0.3945.117 Safari/537.36"
